<?xml version="1.0" encoding="UTF-8"?>
<!-- Generated by org.testng.reporters.JUnitReportReporter -->
<testsuite hostname="LAPTOP-DJBK0729" failures="0" tests="1" name="testhomepage.TestHomepage" time="19.312" errors="0" timestamp="2020-02-21T20:47:41 EST" skipped="0">
  <testcase classname="testhomepage.TestHomepage" name="testiFrame" time="19.312"/>
  <system-out/>
</testsuite> <!-- testhomepage.TestHomepage -->
