<?xml version="1.0" encoding="UTF-8"?>
<!-- Generated by org.testng.reporters.JUnitReportReporter -->
<testsuite hostname="LAPTOP-DJBK0729" failures="0" tests="2" name="Test.TestPage" time="92.109" errors="0" timestamp="2020-02-21T20:49:16 EST" skipped="0">
  <testcase classname="Test.TestPage" name="searchFromDatabase" time="44.522"/>
  <system-out/>
  <testcase classname="Test.TestPage" name="searchFromTable" time="47.587"/>
  <system-out/>
</testsuite> <!-- Test.TestPage -->
